<?xml version="1.0" encoding="UTF-8"?>
<testng-results ignored="0" total="1" passed="1" failed="0" skipped="0">
  <reporter-output>
  </reporter-output>
  <suite started-at="2026-02-03T12:10:45 IST" name="Default suite" finished-at="2026-02-03T12:10:52 IST" duration-ms="6993">
    <groups>
    </groups>
    <test started-at="2026-02-03T12:10:45 IST" name="Default test" finished-at="2026-02-03T12:10:52 IST" duration-ms="6993">
      <class name="tutorial.register.TC_RF_013">
        <test-method signature="verifyPlaceHolderTextFieldsInRegisterAccountPage()[pri:0, instance:tutorial.register.TC_RF_013@42e99e4a]" started-at="2026-02-03T12:10:45 IST" name="verifyPlaceHolderTextFieldsInRegisterAccountPage" finished-at="2026-02-03T12:10:52 IST" duration-ms="6877" status="PASS">
          <reporter-output>
          </reporter-output>
        </test-method> <!-- verifyPlaceHolderTextFieldsInRegisterAccountPage -->
      </class> <!-- tutorial.register.TC_RF_013 -->
    </test> <!-- Default test -->
  </suite> <!-- Default suite -->
</testng-results>
