<?xml version="1.0" encoding="UTF-8"?>
<testng-results ignored="0" total="1" passed="1" failed="0" skipped="0">
  <reporter-output>
  </reporter-output>
  <suite started-at="2026-01-30T11:40:16 IST" name="Default suite" finished-at="2026-01-30T11:40:26 IST" duration-ms="10261">
    <groups>
    </groups>
    <test started-at="2026-01-30T11:40:16 IST" name="Default test" finished-at="2026-01-30T11:40:26 IST" duration-ms="10261">
      <class name="tutorial.register.TC_RF_007">
        <test-method signature="verifyNavigationToRegisterAccountUsingMultipleWays()[pri:0, instance:tutorial.register.TC_RF_007@441772e]" started-at="2026-01-30T11:40:16 IST" name="verifyNavigationToRegisterAccountUsingMultipleWays" finished-at="2026-01-30T11:40:26 IST" duration-ms="10139" status="PASS">
          <reporter-output>
          </reporter-output>
        </test-method> <!-- verifyNavigationToRegisterAccountUsingMultipleWays -->
      </class> <!-- tutorial.register.TC_RF_007 -->
    </test> <!-- Default test -->
  </suite> <!-- Default suite -->
</testng-results>
