<?xml version="1.0" encoding="UTF-8"?>
<!-- Generated by org.testng.reporters.JUnitReportReporter -->
<testsuite hostname="sampathkvs" failures="0" tests="1" name="tutorial.register.TC_RF_002" time="58.839" errors="1" timestamp="2026-01-19T21:50:43 IST" skipped="0">
  <testcase classname="tutorial.register.TC_RF_002" name="verifyLoginUsingEmailOTP" time="58.839">
    <error message="jakarta.mail.Provider: com.sun.mail.imap.IMAPProvider not a subtype" type="java.util.ServiceConfigurationError">
      <![CDATA[java.util.ServiceConfigurationError: jakarta.mail.Provider: com.sun.mail.imap.IMAPProvider not a subtype
at java.base/java.util.ServiceLoader.fail(ServiceLoader.java:559)
at java.base/java.util.ServiceLoader$LazyClassPathLookupIterator.hasNextService(ServiceLoader.java:1115)
at java.base/java.util.ServiceLoader$LazyClassPathLookupIterator.hasNext(ServiceLoader.java:1142)
at java.base/java.util.ServiceLoader$1.hasNext(ServiceLoader.java:1164)
at java.base/java.util.ServiceLoader$2.hasNext(ServiceLoader.java:1246)
at jakarta.mail.Session.loadProviders(Session.java:964)
at jakarta.mail.Session.<init>(Session.java:254)
at jakarta.mail.Session.getInstance(Session.java:298)
at tutorial.register.TC_RF_002.readOtpFromEmail(TC_RF_002.java:113)
at tutorial.register.TC_RF_002.waitForOtpWithRetry(TC_RF_002.java:95)
at tutorial.register.TC_RF_002.verifyLoginUsingEmailOTP(TC_RF_002.java:74)
at java.base/jdk.internal.reflect.DirectMethodHandleAccessor.invoke(DirectMethodHandleAccessor.java:104)
at java.base/java.lang.reflect.Method.invoke(Method.java:565)
at org.testng.internal.invokers.MethodInvocationHelper.invokeMethod(MethodInvocationHelper.java:141)
at org.testng.internal.invokers.TestInvoker.invokeMethod(TestInvoker.java:687)
at org.testng.internal.invokers.TestInvoker.invokeTestMethod(TestInvoker.java:230)
at org.testng.internal.invokers.MethodRunner.runInSequence(MethodRunner.java:63)
at org.testng.internal.invokers.TestInvoker$MethodInvocationAgent.invoke(TestInvoker.java:995)
at org.testng.internal.invokers.TestInvoker.invokeTestMethods(TestInvoker.java:203)
at org.testng.internal.invokers.TestMethodWorker.invokeTestMethods(TestMethodWorker.java:154)
at org.testng.internal.invokers.TestMethodWorker.run(TestMethodWorker.java:134)
at java.base/java.util.ArrayList.forEach(ArrayList.java:1604)
at org.testng.TestRunner.privateRun(TestRunner.java:741)
at org.testng.TestRunner.run(TestRunner.java:616)
at org.testng.SuiteRunner.runTest(SuiteRunner.java:421)
at org.testng.SuiteRunner.runSequentially(SuiteRunner.java:413)
at org.testng.SuiteRunner.privateRun(SuiteRunner.java:373)
at org.testng.SuiteRunner.run(SuiteRunner.java:312)
at org.testng.SuiteRunnerWorker.runSuite(SuiteRunnerWorker.java:52)
at org.testng.SuiteRunnerWorker.run(SuiteRunnerWorker.java:95)
at org.testng.TestNG.runSuitesSequentially(TestNG.java:1274)
at org.testng.TestNG.runSuitesLocally(TestNG.java:1208)
at org.testng.TestNG.runSuites(TestNG.java:1112)
at org.testng.TestNG.run(TestNG.java:1079)
at org.testng.remote.AbstractRemoteTestNG.run(AbstractRemoteTestNG.java:115)
at org.testng.remote.RemoteTestNG.initAndRun(RemoteTestNG.java:293)
at org.testng.remote.RemoteTestNG.main(RemoteTestNG.java:91)
]]>
    </error>
  </testcase> <!-- verifyLoginUsingEmailOTP -->
</testsuite> <!-- tutorial.register.TC_RF_002 -->
